2022-10-13T03:01:31+00:00 CRITICAL Uncaught Error: Call to a member function update_meta() on null in /code/wp-content/plugins/pro-elements/modules/theme-builder/classes/conditions-manager.php:294
Stack trace:
#0 /code/wp-content/plugins/pro-elements/modules/theme-builder/classes/conditions-manager.php(167): ElementorPro\Modules\ThemeBuilder\Classes\Conditions_Manager->save_conditions(16, Array)
#1 [internal function]: ElementorPro\Modules\ThemeBuilder\Classes\Conditions_Manager->ajax_save_theme_template_conditions(Array, Object(Elementor\Core\Common\Modules\Ajax\Module))
#2 /code/wp-content/plugins/elementor/core/common/modules/ajax/module.php(171): call_user_func(Array, Array, Object(Elementor\Core\Common\Modules\Ajax\Module))
#3 /code/wp-includes/class-wp-hook.php(307): Elementor\Core\Common\Modules\Ajax\Module->handle_ajax_request('')
#4 /code/wp-includes/class-wp-hook.php(331): WP_Hook->apply_filters('', Array)
#5 /code/wp-includes/plugin.php(476): WP_Hook->do_action(Array)
#6 /code/wp-admin/admin-ajax.php(187): do_action('wp_ajax_element in /code/wp-content/plugins/pro-elements/modules/theme-builder/classes/conditions-manager.php on line 294

2022-10-13T05:39:57+00:00 CRITICAL Uncaught Error: Call to a member function update_meta() on null in /code/wp-content/plugins/pro-elements/modules/theme-builder/classes/conditions-manager.php:294
Stack trace:
#0 /code/wp-content/plugins/pro-elements/modules/theme-builder/classes/conditions-manager.php(167): ElementorPro\Modules\ThemeBuilder\Classes\Conditions_Manager->save_conditions(16, Array)
#1 [internal function]: ElementorPro\Modules\ThemeBuilder\Classes\Conditions_Manager->ajax_save_theme_template_conditions(Array, Object(Elementor\Core\Common\Modules\Ajax\Module))
#2 /code/wp-content/plugins/elementor/core/common/modules/ajax/module.php(171): call_user_func(Array, Array, Object(Elementor\Core\Common\Modules\Ajax\Module))
#3 /code/wp-includes/class-wp-hook.php(307): Elementor\Core\Common\Modules\Ajax\Module->handle_ajax_request('')
#4 /code/wp-includes/class-wp-hook.php(331): WP_Hook->apply_filters('', Array)
#5 /code/wp-includes/plugin.php(476): WP_Hook->do_action(Array)
#6 /code/wp-admin/admin-ajax.php(187): do_action('wp_ajax_element in /code/wp-content/plugins/pro-elements/modules/theme-builder/classes/conditions-manager.php on line 294

2022-10-13T05:56:26+00:00 CRITICAL Uncaught Error: Call to a member function update_meta() on null in /code/wp-content/plugins/pro-elements/modules/theme-builder/classes/conditions-manager.php:294
Stack trace:
#0 /code/wp-content/plugins/pro-elements/modules/theme-builder/classes/conditions-manager.php(167): ElementorPro\Modules\ThemeBuilder\Classes\Conditions_Manager->save_conditions(16, Array)
#1 [internal function]: ElementorPro\Modules\ThemeBuilder\Classes\Conditions_Manager->ajax_save_theme_template_conditions(Array, Object(Elementor\Core\Common\Modules\Ajax\Module))
#2 /code/wp-content/plugins/elementor/core/common/modules/ajax/module.php(171): call_user_func(Array, Array, Object(Elementor\Core\Common\Modules\Ajax\Module))
#3 /code/wp-includes/class-wp-hook.php(307): Elementor\Core\Common\Modules\Ajax\Module->handle_ajax_request('')
#4 /code/wp-includes/class-wp-hook.php(331): WP_Hook->apply_filters('', Array)
#5 /code/wp-includes/plugin.php(476): WP_Hook->do_action(Array)
#6 /code/wp-admin/admin-ajax.php(187): do_action('wp_ajax_element in /code/wp-content/plugins/pro-elements/modules/theme-builder/classes/conditions-manager.php on line 294

